<?xml version="1.0" encoding="UTF-8"?>
<coverage generated="1580625125575" clover="3.2.0">
  <project timestamp="1580625125576" name="All files">
    <metrics statements="85" coveredstatements="80" conditionals="30" coveredconditionals="24" methods="14" coveredmethods="11" elements="129" coveredelements="115" complexity="0" loc="85" ncloc="85" packages="2" files="3" classes="3"/>
    <package name="src">
      <metrics statements="14" coveredstatements="14" conditionals="0" coveredconditionals="0" methods="0" coveredmethods="0"/>
      <file name="constants.ts" path="/Users/jmealy/dev/dd/src/constants.ts">
        <metrics statements="14" coveredstatements="14" conditionals="0" coveredconditionals="0" methods="0" coveredmethods="0"/>
        <line num="2" count="1" type="stmt"/>
        <line num="3" count="1" type="stmt"/>
        <line num="4" count="1" type="stmt"/>
        <line num="5" count="1" type="stmt"/>
        <line num="6" count="1" type="stmt"/>
        <line num="15" count="1" type="stmt"/>
        <line num="16" count="1" type="stmt"/>
        <line num="17" count="1" type="stmt"/>
        <line num="20" count="1" type="stmt"/>
        <line num="23" count="1" type="stmt"/>
        <line num="24" count="1" type="stmt"/>
        <line num="27" count="1" type="stmt"/>
        <line num="31" count="1" type="stmt"/>
        <line num="32" count="1" type="stmt"/>
      </file>
    </package>
    <package name="src.state">
      <metrics statements="71" coveredstatements="66" conditionals="30" coveredconditionals="24" methods="14" coveredmethods="11"/>
      <file name="actions.ts" path="/Users/jmealy/dev/dd/src/state/actions.ts">
        <metrics statements="6" coveredstatements="6" conditionals="0" coveredconditionals="0" methods="3" coveredmethods="0"/>
        <line num="8" count="1" type="stmt"/>
        <line num="9" count="1" type="stmt"/>
        <line num="17" count="1" type="stmt"/>
        <line num="18" count="1" type="stmt"/>
        <line num="29" count="1" type="stmt"/>
        <line num="30" count="1" type="stmt"/>
      </file>
      <file name="snapshots.ts" path="/Users/jmealy/dev/dd/src/state/snapshots.ts">
        <metrics statements="65" coveredstatements="60" conditionals="30" coveredconditionals="24" methods="11" coveredmethods="11"/>
        <line num="2" count="1" type="stmt"/>
        <line num="3" count="1" type="stmt"/>
        <line num="36" count="1" type="stmt"/>
        <line num="45" count="1" type="stmt"/>
        <line num="46" count="4" type="cond" truecount="1" falsecount="1"/>
        <line num="50" count="4" type="stmt"/>
        <line num="52" count="4" type="stmt"/>
        <line num="53" count="4" type="stmt"/>
        <line num="54" count="4" type="stmt"/>
        <line num="55" count="201" type="stmt"/>
        <line num="56" count="4" type="stmt"/>
        <line num="57" count="4" type="stmt"/>
        <line num="58" count="4" type="stmt"/>
        <line num="59" count="4" type="stmt"/>
        <line num="61" count="0" type="stmt"/>
        <line num="62" count="0" type="stmt"/>
        <line num="63" count="0" type="stmt"/>
        <line num="65" count="0" type="stmt"/>
        <line num="69" count="4" type="stmt"/>
        <line num="73" count="204" type="cond" truecount="2" falsecount="0"/>
        <line num="74" count="84" type="stmt"/>
        <line num="82" count="120" type="stmt"/>
        <line num="90" count="120" type="cond" truecount="2" falsecount="0"/>
        <line num="91" count="44" type="stmt"/>
        <line num="95" count="204" type="stmt"/>
        <line num="98" count="8" type="stmt"/>
        <line num="107" count="1" type="stmt"/>
        <line num="108" count="204" type="stmt"/>
        <line num="109" count="204" type="stmt"/>
        <line num="110" count="204" type="stmt"/>
        <line num="111" count="204" type="stmt"/>
        <line num="112" count="204" type="stmt"/>
        <line num="114" count="204" type="stmt"/>
        <line num="115" count="204" type="cond" truecount="2" falsecount="0"/>
        <line num="116" count="20" type="stmt"/>
        <line num="118" count="204" type="cond" truecount="2" falsecount="0"/>
        <line num="120" count="64" type="stmt"/>
        <line num="121" count="64" type="stmt"/>
        <line num="122" count="140" type="cond" truecount="2" falsecount="0"/>
        <line num="125" count="60" type="stmt"/>
        <line num="129" count="1" type="stmt"/>
        <line num="132" count="20" type="stmt"/>
        <line num="133" count="20" type="cond" truecount="2" falsecount="0"/>
        <line num="135" count="4" type="stmt"/>
        <line num="136" count="4" type="stmt"/>
        <line num="139" count="16" type="stmt"/>
        <line num="141" count="20" type="stmt"/>
        <line num="145" count="1" type="stmt"/>
        <line num="147" count="8" type="stmt"/>
        <line num="149" count="8" type="cond" truecount="1" falsecount="1"/>
        <line num="154" count="8" type="stmt"/>
        <line num="156" count="8" type="stmt"/>
        <line num="159" count="1" type="stmt"/>
        <line num="162" count="140" type="cond" truecount="1" falsecount="1"/>
        <line num="164" count="140" type="stmt"/>
        <line num="165" count="140" type="stmt"/>
        <line num="168" count="1" type="stmt"/>
        <line num="172" count="4" type="stmt"/>
        <line num="173" count="4" type="stmt"/>
        <line num="175" count="4" type="cond" truecount="1" falsecount="1"/>
        <line num="181" count="4" type="stmt"/>
        <line num="186" count="0" type="stmt"/>
        <line num="188" count="4" type="stmt"/>
        <line num="193" count="1" type="stmt"/>
        <line num="194" count="4" type="cond" truecount="2" falsecount="0"/>
      </file>
    </package>
  </project>
</coverage>
