{"/Users/jmealy/dev/dd/src/constants.ts": {"path":"/Users/jmealy/dev/dd/src/constants.ts","statementMap":{"0":{"start":{"line":2,"column":13},"end":{"line":2,"column":null}},"1":{"start":{"line":3,"column":13},"end":{"line":3,"column":59}},"2":{"start":{"line":4,"column":13},"end":{"line":4,"column":58}},"3":{"start":{"line":5,"column":13},"end":{"line":5,"column":47}},"4":{"start":{"line":6,"column":13},"end":{"line":6,"column":49}},"5":{"start":{"line":15,"column":13},"end":{"line":15,"column":null}},"6":{"start":{"line":16,"column":13},"end":{"line":16,"column":null}},"7":{"start":{"line":17,"column":13},"end":{"line":17,"column":null}},"8":{"start":{"line":20,"column":13},"end":{"line":22,"column":null}},"9":{"start":{"line":23,"column":13},"end":{"line":23,"column":null}},"10":{"start":{"line":24,"column":13},"end":{"line":24,"column":null}},"11":{"start":{"line":27,"column":13},"end":{"line":27,"column":null}},"12":{"start":{"line":31,"column":13},"end":{"line":31,"column":null}},"13":{"start":{"line":32,"column":13},"end":{"line":32,"column":null}}},"fnMap":{},"branchMap":{},"s":{"0":1,"1":1,"2":1,"3":1,"4":1,"5":1,"6":1,"7":1,"8":1,"9":1,"10":1,"11":1,"12":1,"13":1},"f":{},"b":{}}
,"/Users/jmealy/dev/dd/src/state/actions.ts": {"path":"/Users/jmealy/dev/dd/src/state/actions.ts","statementMap":{"0":{"start":{"line":8,"column":13},"end":{"line":8,"column":null}},"1":{"start":{"line":9,"column":13},"end":{"line":12,"column":null}},"2":{"start":{"line":9,"column":72},"end":{"line":12,"column":null}},"3":{"start":{"line":17,"column":13},"end":{"line":17,"column":null}},"4":{"start":{"line":18,"column":13},"end":{"line":20,"column":null}},"5":{"start":{"line":18,"column":64},"end":{"line":20,"column":null}},"6":{"start":{"line":29,"column":13},"end":{"line":29,"column":null}},"7":{"start":{"line":30,"column":13},"end":{"line":30,"column":null}},"8":{"start":{"line":30,"column":47},"end":{"line":30,"column":null}}},"fnMap":{"0":{"name":"(anonymous_0)","decl":{"start":{"line":9,"column":31},"end":{"line":9,"column":32}},"loc":{"start":{"line":9,"column":50},"end":{"line":9,"column":73}}},"1":{"name":"(anonymous_1)","decl":{"start":{"line":18,"column":36},"end":{"line":18,"column":64}},"loc":{"start":{"line":18,"column":36},"end":{"line":18,"column":65}}},"2":{"name":"(anonymous_2)","decl":{"start":{"line":30,"column":28},"end":{"line":30,"column":47}},"loc":{"start":{"line":30,"column":28},"end":{"line":30,"column":48}}}},"branchMap":{},"s":{"0":1,"1":1,"2":0,"3":1,"4":1,"5":0,"6":1,"7":1,"8":0},"f":{"0":0,"1":0,"2":0},"b":{}}
,"/Users/jmealy/dev/dd/src/state/snapshots.ts": {"path":"/Users/jmealy/dev/dd/src/state/snapshots.ts","statementMap":{"0":{"start":{"line":2,"column":0},"end":{"line":2,"column":72}},"1":{"start":{"line":3,"column":0},"end":{"line":3,"column":null}},"2":{"start":{"line":36,"column":21},"end":{"line":43,"column":null}},"3":{"start":{"line":45,"column":13},"end":{"line":67,"column":null}},"4":{"start":{"line":46,"column":4},"end":{"line":46,"column":null}},"5":{"start":{"line":50,"column":4},"end":{"line":66,"column":null}},"6":{"start":{"line":52,"column":29},"end":{"line":52,"column":40}},"7":{"start":{"line":53,"column":24},"end":{"line":53,"column":34}},"8":{"start":{"line":54,"column":12},"end":{"line":54,"column":null}},"9":{"start":{"line":55,"column":12},"end":{"line":55,"column":null}},"10":{"start":{"line":55,"column":79},"end":{"line":55,"column":129}},"11":{"start":{"line":56,"column":12},"end":{"line":56,"column":null}},"12":{"start":{"line":57,"column":12},"end":{"line":57,"column":null}},"13":{"start":{"line":58,"column":12},"end":{"line":58,"column":null}},"14":{"start":{"line":59,"column":12},"end":{"line":59,"column":null}},"15":{"start":{"line":61,"column":12},"end":{"line":61,"column":null}},"16":{"start":{"line":62,"column":12},"end":{"line":62,"column":null}},"17":{"start":{"line":63,"column":12},"end":{"line":63,"column":null}},"18":{"start":{"line":65,"column":12},"end":{"line":65,"column":null}},"19":{"start":{"line":69,"column":13},"end":{"line":96,"column":null}},"20":{"start":{"line":69,"column":77},"end":{"line":96,"column":null}},"21":{"start":{"line":73,"column":4},"end":{"line":93,"column":null}},"22":{"start":{"line":74,"column":8},"end":{"line":80,"column":null}},"23":{"start":{"line":82,"column":8},"end":{"line":88,"column":null}},"24":{"start":{"line":90,"column":8},"end":{"line":92,"column":null}},"25":{"start":{"line":91,"column":12},"end":{"line":91,"column":null}},"26":{"start":{"line":95,"column":4},"end":{"line":95,"column":null}},"27":{"start":{"line":98,"column":21},"end":{"line":98,"column":48}},"28":{"start":{"line":98,"column":47},"end":{"line":98,"column":null}},"29":{"start":{"line":107,"column":21},"end":{"line":127,"column":1}},"30":{"start":{"line":108,"column":4},"end":{"line":108,"column":11}},"31":{"start":{"line":109,"column":4},"end":{"line":109,"column":12}},"32":{"start":{"line":110,"column":4},"end":{"line":110,"column":22}},"33":{"start":{"line":111,"column":4},"end":{"line":111,"column":18}},"34":{"start":{"line":112,"column":4},"end":{"line":112,"column":17}},"35":{"start":{"line":114,"column":24},"end":{"line":114,"column":51}},"36":{"start":{"line":115,"column":4},"end":{"line":117,"column":null}},"37":{"start":{"line":116,"column":8},"end":{"line":116,"column":null}},"38":{"start":{"line":118,"column":4},"end":{"line":126,"column":null}},"39":{"start":{"line":120,"column":8},"end":{"line":120,"column":null}},"40":{"start":{"line":121,"column":8},"end":{"line":121,"column":null}},"41":{"start":{"line":122,"column":11},"end":{"line":126,"column":null}},"42":{"start":{"line":125,"column":8},"end":{"line":125,"column":null}},"43":{"start":{"line":129,"column":18},"end":{"line":142,"column":1}},"44":{"start":{"line":132,"column":24},"end":{"line":132,"column":51}},"45":{"start":{"line":133,"column":4},"end":{"line":140,"column":null}},"46":{"start":{"line":135,"column":8},"end":{"line":135,"column":null}},"47":{"start":{"line":136,"column":8},"end":{"line":136,"column":null}},"48":{"start":{"line":139,"column":8},"end":{"line":139,"column":null}},"49":{"start":{"line":141,"column":4},"end":{"line":141,"column":null}},"50":{"start":{"line":145,"column":30},"end":{"line":157,"column":1}},"51":{"start":{"line":147,"column":6},"end":{"line":147,"column":11}},"52":{"start":{"line":147,"column":13},"end":{"line":147,"column":16}},"53":{"start":{"line":147,"column":18},"end":{"line":147,"column":22}},"54":{"start":{"line":149,"column":4},"end":{"line":155,"column":null}},"55":{"start":{"line":154,"column":8},"end":{"line":154,"column":null}},"56":{"start":{"line":156,"column":4},"end":{"line":156,"column":null}},"57":{"start":{"line":159,"column":27},"end":{"line":166,"column":1}},"58":{"start":{"line":162,"column":4},"end":{"line":162,"column":null}},"59":{"start":{"line":164,"column":21},"end":{"line":164,"column":64}},"60":{"start":{"line":165,"column":4},"end":{"line":165,"column":null}},"61":{"start":{"line":168,"column":19},"end":{"line":189,"column":1}},"62":{"start":{"line":172,"column":12},"end":{"line":172,"column":31}},"63":{"start":{"line":172,"column":33},"end":{"line":172,"column":40}},"64":{"start":{"line":173,"column":26},"end":{"line":173,"column":53}},"65":{"start":{"line":175,"column":4},"end":{"line":187,"column":null}},"66":{"start":{"line":181,"column":8},"end":{"line":184,"column":null}},"67":{"start":{"line":186,"column":8},"end":{"line":186,"column":null}},"68":{"start":{"line":188,"column":4},"end":{"line":188,"column":null}},"69":{"start":{"line":193,"column":19},"end":{"line":194,"column":5}},"70":{"start":{"line":194,"column":4},"end":{"line":194,"column":null}}},"fnMap":{"0":{"name":"(anonymous_2)","decl":{"start":{"line":45,"column":31},"end":{"line":45,"column":null}},"loc":{"start":{"line":47,"column":27},"end":{"line":67,"column":1}}},"1":{"name":"(anonymous_3)","decl":{"start":{"line":55,"column":51},"end":{"line":55,"column":52}},"loc":{"start":{"line":55,"column":74},"end":{"line":55,"column":96}}},"2":{"name":"(anonymous_4)","decl":{"start":{"line":69,"column":36},"end":{"line":69,"column":37}},"loc":{"start":{"line":69,"column":58},"end":{"line":69,"column":82}}},"3":{"name":"(anonymous_5)","decl":{"start":{"line":69,"column":90},"end":{"line":69,"column":null}},"loc":{"start":{"line":71,"column":26},"end":{"line":96,"column":1}}},"4":{"name":"(anonymous_6)","decl":{"start":{"line":98,"column":21},"end":{"line":98,"column":47}},"loc":{"start":{"line":98,"column":21},"end":{"line":98,"column":48}}},"5":{"name":"(anonymous_7)","decl":{"start":{"line":107,"column":21},"end":{"line":107,"column":22}},"loc":{"start":{"line":113,"column":21},"end":{"line":127,"column":1}}},"6":{"name":"(anonymous_8)","decl":{"start":{"line":129,"column":18},"end":{"line":129,"column":19}},"loc":{"start":{"line":129,"column":48},"end":{"line":142,"column":1}}},"7":{"name":"(anonymous_9)","decl":{"start":{"line":145,"column":30},"end":{"line":145,"column":null}},"loc":{"start":{"line":147,"column":36},"end":{"line":157,"column":1}}},"8":{"name":"(anonymous_10)","decl":{"start":{"line":159,"column":27},"end":{"line":159,"column":null}},"loc":{"start":{"line":162,"column":52},"end":{"line":166,"column":1}}},"9":{"name":"(anonymous_11)","decl":{"start":{"line":168,"column":19},"end":{"line":168,"column":null}},"loc":{"start":{"line":170,"column":26},"end":{"line":189,"column":1}}},"10":{"name":"(anonymous_12)","decl":{"start":{"line":193,"column":19},"end":{"line":193,"column":20}},"loc":{"start":{"line":193,"column":69},"end":{"line":194,"column":5}}}},"branchMap":{"0":{"loc":{"start":{"line":46,"column":4},"end":{"line":46,"column":null}},"type":"if","locations":[{"start":{"line":46,"column":4},"end":{"line":46,"column":null}},{"start":{"line":46,"column":4},"end":{"line":46,"column":null}}]},"1":{"loc":{"start":{"line":51,"column":8},"end":{"line":59,"column":null}},"type":"switch","locations":[{"start":{"line":51,"column":8},"end":{"line":59,"column":null}},{"start":{"line":60,"column":8},"end":{"line":63,"column":null}},{"start":{"line":64,"column":8},"end":{"line":65,"column":null}}]},"2":{"loc":{"start":{"line":73,"column":4},"end":{"line":93,"column":null}},"type":"if","locations":[{"start":{"line":73,"column":4},"end":{"line":93,"column":null}},{"start":{"line":73,"column":4},"end":{"line":93,"column":null}}]},"3":{"loc":{"start":{"line":90,"column":8},"end":{"line":92,"column":null}},"type":"if","locations":[{"start":{"line":90,"column":8},"end":{"line":92,"column":null}},{"start":{"line":90,"column":8},"end":{"line":92,"column":null}}]},"4":{"loc":{"start":{"line":115,"column":4},"end":{"line":117,"column":null}},"type":"if","locations":[{"start":{"line":115,"column":4},"end":{"line":117,"column":null}},{"start":{"line":115,"column":4},"end":{"line":117,"column":null}}]},"5":{"loc":{"start":{"line":118,"column":4},"end":{"line":126,"column":null}},"type":"if","locations":[{"start":{"line":118,"column":4},"end":{"line":126,"column":null}},{"start":{"line":118,"column":4},"end":{"line":126,"column":null}}]},"6":{"loc":{"start":{"line":122,"column":11},"end":{"line":126,"column":null}},"type":"if","locations":[{"start":{"line":122,"column":11},"end":{"line":126,"column":null}},{"start":{"line":122,"column":11},"end":{"line":126,"column":null}}]},"7":{"loc":{"start":{"line":133,"column":4},"end":{"line":140,"column":null}},"type":"if","locations":[{"start":{"line":133,"column":4},"end":{"line":140,"column":null}},{"start":{"line":133,"column":4},"end":{"line":140,"column":null}}]},"8":{"loc":{"start":{"line":149,"column":4},"end":{"line":155,"column":null}},"type":"if","locations":[{"start":{"line":149,"column":4},"end":{"line":155,"column":null}},{"start":{"line":149,"column":4},"end":{"line":155,"column":null}}]},"9":{"loc":{"start":{"line":150,"column":8},"end":{"line":150,"column":22}},"type":"binary-expr","locations":[{"start":{"line":150,"column":8},"end":{"line":150,"column":22}},{"start":{"line":151,"column":8},"end":{"line":151,"column":20}},{"start":{"line":152,"column":8},"end":{"line":152,"column":21}}]},"10":{"loc":{"start":{"line":162,"column":4},"end":{"line":162,"column":null}},"type":"if","locations":[{"start":{"line":162,"column":4},"end":{"line":162,"column":null}},{"start":{"line":162,"column":4},"end":{"line":162,"column":null}}]},"11":{"loc":{"start":{"line":175,"column":4},"end":{"line":187,"column":null}},"type":"if","locations":[{"start":{"line":175,"column":4},"end":{"line":187,"column":null}},{"start":{"line":175,"column":4},"end":{"line":187,"column":null}}]},"12":{"loc":{"start":{"line":177,"column":8},"end":{"line":177,"column":43}},"type":"binary-expr","locations":[{"start":{"line":177,"column":8},"end":{"line":177,"column":43}},{"start":{"line":179,"column":8},"end":{"line":179,"column":46}}]},"13":{"loc":{"start":{"line":194,"column":5},"end":{"line":194,"column":20}},"type":"binary-expr","locations":[{"start":{"line":194,"column":5},"end":{"line":194,"column":20}},{"start":{"line":194,"column":24},"end":{"line":194,"column":54}}]}},"s":{"0":1,"1":1,"2":1,"3":1,"4":4,"5":4,"6":4,"7":4,"8":4,"9":4,"10":201,"11":4,"12":4,"13":4,"14":4,"15":0,"16":0,"17":0,"18":0,"19":1,"20":4,"21":204,"22":84,"23":120,"24":120,"25":44,"26":204,"27":1,"28":8,"29":1,"30":204,"31":204,"32":204,"33":204,"34":204,"35":204,"36":204,"37":20,"38":204,"39":64,"40":64,"41":140,"42":60,"43":1,"44":20,"45":20,"46":4,"47":4,"48":16,"49":20,"50":1,"51":8,"52":8,"53":8,"54":8,"55":8,"56":8,"57":1,"58":140,"59":140,"60":140,"61":1,"62":4,"63":4,"64":4,"65":4,"66":4,"67":0,"68":4,"69":1,"70":4},"f":{"0":4,"1":201,"2":4,"3":204,"4":8,"5":204,"6":20,"7":8,"8":140,"9":4,"10":4},"b":{"0":[0,4],"1":[4,0,0],"2":[84,120],"3":[44,76],"4":[20,184],"5":[64,140],"6":[60,80],"7":[4,16],"8":[8,0],"9":[8,8,8],"10":[0,140],"11":[4,0],"12":[4,4],"13":[4,4]}}
}
