{"/Users/jmealy/dev/dd/src/constants.ts": {"path":"/Users/jmealy/dev/dd/src/constants.ts","statementMap":{"0":{"start":{"line":2,"column":13},"end":{"line":2,"column":null}},"1":{"start":{"line":3,"column":13},"end":{"line":3,"column":60}},"2":{"start":{"line":4,"column":13},"end":{"line":4,"column":59}},"3":{"start":{"line":5,"column":13},"end":{"line":5,"column":48}},"4":{"start":{"line":6,"column":13},"end":{"line":6,"column":49}},"5":{"start":{"line":9,"column":13},"end":{"line":9,"column":null}},"6":{"start":{"line":10,"column":13},"end":{"line":10,"column":null}},"7":{"start":{"line":11,"column":13},"end":{"line":11,"column":null}},"8":{"start":{"line":14,"column":13},"end":{"line":16,"column":null}},"9":{"start":{"line":17,"column":13},"end":{"line":17,"column":null}},"10":{"start":{"line":18,"column":13},"end":{"line":18,"column":null}},"11":{"start":{"line":21,"column":13},"end":{"line":21,"column":null}},"12":{"start":{"line":25,"column":13},"end":{"line":25,"column":null}},"13":{"start":{"line":26,"column":13},"end":{"line":26,"column":null}}},"fnMap":{},"branchMap":{},"s":{"0":2,"1":2,"2":2,"3":2,"4":2,"5":2,"6":2,"7":2,"8":2,"9":2,"10":2,"11":2,"12":2,"13":2},"f":{},"b":{}}
,"/Users/jmealy/dev/dd/src/state/actions.ts": {"path":"/Users/jmealy/dev/dd/src/state/actions.ts","statementMap":{"0":{"start":{"line":8,"column":13},"end":{"line":8,"column":null}},"1":{"start":{"line":9,"column":13},"end":{"line":12,"column":null}},"2":{"start":{"line":9,"column":72},"end":{"line":12,"column":null}},"3":{"start":{"line":17,"column":13},"end":{"line":17,"column":null}},"4":{"start":{"line":18,"column":13},"end":{"line":20,"column":null}},"5":{"start":{"line":18,"column":64},"end":{"line":20,"column":null}},"6":{"start":{"line":26,"column":13},"end":{"line":26,"column":null}},"7":{"start":{"line":27,"column":13},"end":{"line":27,"column":null}},"8":{"start":{"line":27,"column":47},"end":{"line":27,"column":null}}},"fnMap":{"0":{"name":"(anonymous_0)","decl":{"start":{"line":9,"column":31},"end":{"line":9,"column":32}},"loc":{"start":{"line":9,"column":50},"end":{"line":9,"column":73}}},"1":{"name":"(anonymous_1)","decl":{"start":{"line":18,"column":36},"end":{"line":18,"column":64}},"loc":{"start":{"line":18,"column":36},"end":{"line":18,"column":65}}},"2":{"name":"(anonymous_2)","decl":{"start":{"line":27,"column":28},"end":{"line":27,"column":47}},"loc":{"start":{"line":27,"column":28},"end":{"line":27,"column":48}}}},"branchMap":{},"s":{"0":1,"1":1,"2":0,"3":1,"4":1,"5":0,"6":1,"7":1,"8":0},"f":{"0":0,"1":0,"2":0},"b":{}}
,"/Users/jmealy/dev/dd/src/state/selectors.ts": {"path":"/Users/jmealy/dev/dd/src/state/selectors.ts","statementMap":{"0":{"start":{"line":4,"column":0},"end":{"line":4,"column":45}},"1":{"start":{"line":5,"column":0},"end":{"line":5,"column":43}},"2":{"start":{"line":7,"column":13},"end":{"line":7,"column":null}},"3":{"start":{"line":7,"column":62},"end":{"line":7,"column":null}},"4":{"start":{"line":9,"column":13},"end":{"line":9,"column":null}},"5":{"start":{"line":9,"column":53},"end":{"line":9,"column":null}},"6":{"start":{"line":11,"column":13},"end":{"line":19,"column":null}},"7":{"start":{"line":12,"column":22},"end":{"line":12,"column":41}},"8":{"start":{"line":13,"column":21},"end":{"line":13,"column":52}},"9":{"start":{"line":14,"column":4},"end":{"line":18,"column":null}},"10":{"start":{"line":15,"column":8},"end":{"line":15,"column":null}},"11":{"start":{"line":17,"column":8},"end":{"line":17,"column":null}},"12":{"start":{"line":21,"column":13},"end":{"line":22,"column":null}},"13":{"start":{"line":21,"column":45},"end":{"line":21,"column":50}},"14":{"start":{"line":21,"column":74},"end":{"line":22,"column":null}},"15":{"start":{"line":22,"column":30},"end":{"line":22,"column":34}},"16":{"start":{"line":22,"column":41},"end":{"line":22,"column":55}},"17":{"start":{"line":28,"column":13},"end":{"line":41,"column":null}},"18":{"start":{"line":29,"column":22},"end":{"line":29,"column":41}},"19":{"start":{"line":30,"column":4},"end":{"line":40,"column":null}},"20":{"start":{"line":31,"column":8},"end":{"line":35,"column":null}},"21":{"start":{"line":32,"column":12},"end":{"line":32,"column":null}},"22":{"start":{"line":33,"column":15},"end":{"line":35,"column":null}},"23":{"start":{"line":34,"column":12},"end":{"line":34,"column":null}},"24":{"start":{"line":36,"column":8},"end":{"line":36,"column":null}},"25":{"start":{"line":43,"column":13},"end":{"line":43,"column":null}},"26":{"start":{"line":43,"column":54},"end":{"line":43,"column":null}},"27":{"start":{"line":49,"column":13},"end":{"line":60,"column":null}},"28":{"start":{"line":49,"column":75},"end":{"line":60,"column":null}},"29":{"start":{"line":51,"column":8},"end":{"line":55,"column":null}},"30":{"start":{"line":52,"column":12},"end":{"line":52,"column":null}},"31":{"start":{"line":54,"column":12},"end":{"line":54,"column":null}},"32":{"start":{"line":56,"column":8},"end":{"line":56,"column":null}}},"fnMap":{"0":{"name":"(anonymous_0)","decl":{"start":{"line":7,"column":28},"end":{"line":7,"column":29}},"loc":{"start":{"line":7,"column":41},"end":{"line":7,"column":67}}},"1":{"name":"(anonymous_1)","decl":{"start":{"line":9,"column":26},"end":{"line":9,"column":27}},"loc":{"start":{"line":9,"column":39},"end":{"line":9,"column":58}}},"2":{"name":"(anonymous_2)","decl":{"start":{"line":11,"column":33},"end":{"line":11,"column":34}},"loc":{"start":{"line":11,"column":46},"end":{"line":19,"column":1}}},"3":{"name":"(anonymous_3)","decl":{"start":{"line":21,"column":29},"end":{"line":21,"column":30}},"loc":{"start":{"line":21,"column":61},"end":{"line":21,"column":75}}},"4":{"name":"(anonymous_4)","decl":{"start":{"line":22,"column":12},"end":{"line":22,"column":13}},"loc":{"start":{"line":22,"column":36},"end":{"line":22,"column":46}}},"5":{"name":"(anonymous_5)","decl":{"start":{"line":28,"column":27},"end":{"line":28,"column":28}},"loc":{"start":{"line":28,"column":40},"end":{"line":41,"column":1}}},"6":{"name":"(anonymous_6)","decl":{"start":{"line":30,"column":28},"end":{"line":30,"column":29}},"loc":{"start":{"line":30,"column":60},"end":{"line":37,"column":5}}},"7":{"name":"(anonymous_7)","decl":{"start":{"line":43,"column":27},"end":{"line":43,"column":28}},"loc":{"start":{"line":43,"column":40},"end":{"line":43,"column":59}}},"8":{"name":"(anonymous_8)","decl":{"start":{"line":49,"column":37},"end":{"line":49,"column":38}},"loc":{"start":{"line":49,"column":50},"end":{"line":49,"column":80}}},"9":{"name":"(anonymous_9)","decl":{"start":{"line":50,"column":30},"end":{"line":50,"column":31}},"loc":{"start":{"line":50,"column":77},"end":{"line":57,"column":5}}}},"branchMap":{"0":{"loc":{"start":{"line":14,"column":4},"end":{"line":18,"column":null}},"type":"if","locations":[{"start":{"line":14,"column":4},"end":{"line":18,"column":null}},{"start":{"line":14,"column":4},"end":{"line":18,"column":null}}]},"1":{"loc":{"start":{"line":21,"column":90},"end":{"line":21,"column":91}},"type":"cond-expr","locations":[{"start":{"line":21,"column":90},"end":{"line":21,"column":91}},{"start":{"line":21,"column":94},"end":{"line":22,"column":73}}]},"2":{"loc":{"start":{"line":31,"column":8},"end":{"line":35,"column":null}},"type":"if","locations":[{"start":{"line":31,"column":8},"end":{"line":35,"column":null}},{"start":{"line":31,"column":8},"end":{"line":35,"column":null}}]},"3":{"loc":{"start":{"line":31,"column":12},"end":{"line":31,"column":27}},"type":"binary-expr","locations":[{"start":{"line":31,"column":12},"end":{"line":31,"column":27}},{"start":{"line":31,"column":31},"end":{"line":31,"column":66}}]},"4":{"loc":{"start":{"line":33,"column":15},"end":{"line":35,"column":null}},"type":"if","locations":[{"start":{"line":33,"column":15},"end":{"line":35,"column":null}},{"start":{"line":33,"column":15},"end":{"line":35,"column":null}}]},"5":{"loc":{"start":{"line":33,"column":19},"end":{"line":33,"column":34}},"type":"binary-expr","locations":[{"start":{"line":33,"column":19},"end":{"line":33,"column":34}},{"start":{"line":33,"column":38},"end":{"line":33,"column":73}}]},"6":{"loc":{"start":{"line":51,"column":8},"end":{"line":55,"column":null}},"type":"if","locations":[{"start":{"line":51,"column":8},"end":{"line":55,"column":null}},{"start":{"line":51,"column":8},"end":{"line":55,"column":null}}]}},"s":{"0":1,"1":1,"2":1,"3":4,"4":1,"5":1,"6":1,"7":2,"8":2,"9":2,"10":1,"11":1,"12":1,"13":2,"14":2,"15":50,"16":50,"17":1,"18":1,"19":1,"20":50,"21":1,"22":49,"23":7,"24":50,"25":1,"26":1,"27":1,"28":1,"29":2,"30":1,"31":1,"32":2},"f":{"0":4,"1":1,"2":2,"3":2,"4":50,"5":1,"6":50,"7":1,"8":1,"9":2},"b":{"0":[1,1],"1":[1,1],"2":[1,49],"3":[50,49],"4":[7,42],"5":[49,48],"6":[1,1]}}
,"/Users/jmealy/dev/dd/src/state/snapshots.ts": {"path":"/Users/jmealy/dev/dd/src/state/snapshots.ts","statementMap":{"0":{"start":{"line":2,"column":0},"end":{"line":2,"column":64}},"1":{"start":{"line":3,"column":0},"end":{"line":3,"column":null}},"2":{"start":{"line":36,"column":21},"end":{"line":43,"column":null}},"3":{"start":{"line":45,"column":13},"end":{"line":67,"column":null}},"4":{"start":{"line":46,"column":4},"end":{"line":46,"column":null}},"5":{"start":{"line":50,"column":4},"end":{"line":66,"column":null}},"6":{"start":{"line":52,"column":29},"end":{"line":52,"column":40}},"7":{"start":{"line":53,"column":24},"end":{"line":53,"column":34}},"8":{"start":{"line":54,"column":12},"end":{"line":54,"column":null}},"9":{"start":{"line":55,"column":12},"end":{"line":55,"column":null}},"10":{"start":{"line":55,"column":79},"end":{"line":55,"column":129}},"11":{"start":{"line":56,"column":12},"end":{"line":56,"column":null}},"12":{"start":{"line":57,"column":12},"end":{"line":57,"column":null}},"13":{"start":{"line":58,"column":12},"end":{"line":58,"column":null}},"14":{"start":{"line":59,"column":12},"end":{"line":59,"column":null}},"15":{"start":{"line":61,"column":12},"end":{"line":61,"column":null}},"16":{"start":{"line":62,"column":12},"end":{"line":62,"column":null}},"17":{"start":{"line":63,"column":12},"end":{"line":63,"column":null}},"18":{"start":{"line":65,"column":12},"end":{"line":65,"column":29}},"19":{"start":{"line":69,"column":13},"end":{"line":96,"column":null}},"20":{"start":{"line":69,"column":77},"end":{"line":96,"column":null}},"21":{"start":{"line":73,"column":4},"end":{"line":93,"column":null}},"22":{"start":{"line":74,"column":8},"end":{"line":80,"column":null}},"23":{"start":{"line":82,"column":8},"end":{"line":88,"column":null}},"24":{"start":{"line":90,"column":8},"end":{"line":92,"column":null}},"25":{"start":{"line":91,"column":12},"end":{"line":91,"column":null}},"26":{"start":{"line":95,"column":4},"end":{"line":95,"column":null}},"27":{"start":{"line":98,"column":21},"end":{"line":98,"column":48}},"28":{"start":{"line":98,"column":47},"end":{"line":98,"column":null}},"29":{"start":{"line":107,"column":21},"end":{"line":127,"column":1}},"30":{"start":{"line":108,"column":4},"end":{"line":108,"column":11}},"31":{"start":{"line":109,"column":4},"end":{"line":109,"column":12}},"32":{"start":{"line":110,"column":4},"end":{"line":110,"column":22}},"33":{"start":{"line":111,"column":4},"end":{"line":111,"column":18}},"34":{"start":{"line":112,"column":4},"end":{"line":112,"column":17}},"35":{"start":{"line":114,"column":24},"end":{"line":114,"column":51}},"36":{"start":{"line":115,"column":4},"end":{"line":117,"column":null}},"37":{"start":{"line":116,"column":8},"end":{"line":116,"column":null}},"38":{"start":{"line":118,"column":4},"end":{"line":126,"column":null}},"39":{"start":{"line":120,"column":8},"end":{"line":120,"column":null}},"40":{"start":{"line":121,"column":8},"end":{"line":121,"column":null}},"41":{"start":{"line":122,"column":11},"end":{"line":126,"column":null}},"42":{"start":{"line":125,"column":8},"end":{"line":125,"column":null}},"43":{"start":{"line":129,"column":18},"end":{"line":142,"column":1}},"44":{"start":{"line":132,"column":24},"end":{"line":132,"column":51}},"45":{"start":{"line":133,"column":4},"end":{"line":140,"column":null}},"46":{"start":{"line":135,"column":8},"end":{"line":135,"column":null}},"47":{"start":{"line":136,"column":8},"end":{"line":136,"column":null}},"48":{"start":{"line":139,"column":8},"end":{"line":139,"column":null}},"49":{"start":{"line":141,"column":4},"end":{"line":141,"column":null}},"50":{"start":{"line":145,"column":30},"end":{"line":157,"column":1}},"51":{"start":{"line":147,"column":6},"end":{"line":147,"column":11}},"52":{"start":{"line":147,"column":13},"end":{"line":147,"column":16}},"53":{"start":{"line":147,"column":18},"end":{"line":147,"column":22}},"54":{"start":{"line":149,"column":4},"end":{"line":155,"column":null}},"55":{"start":{"line":154,"column":8},"end":{"line":154,"column":null}},"56":{"start":{"line":156,"column":4},"end":{"line":156,"column":null}},"57":{"start":{"line":159,"column":27},"end":{"line":166,"column":1}},"58":{"start":{"line":164,"column":21},"end":{"line":164,"column":64}},"59":{"start":{"line":165,"column":4},"end":{"line":165,"column":null}},"60":{"start":{"line":168,"column":19},"end":{"line":189,"column":1}},"61":{"start":{"line":172,"column":12},"end":{"line":172,"column":31}},"62":{"start":{"line":172,"column":33},"end":{"line":172,"column":40}},"63":{"start":{"line":173,"column":26},"end":{"line":173,"column":53}},"64":{"start":{"line":175,"column":4},"end":{"line":187,"column":null}},"65":{"start":{"line":181,"column":8},"end":{"line":184,"column":null}},"66":{"start":{"line":186,"column":8},"end":{"line":186,"column":null}},"67":{"start":{"line":188,"column":4},"end":{"line":188,"column":null}},"68":{"start":{"line":193,"column":19},"end":{"line":194,"column":5}},"69":{"start":{"line":194,"column":4},"end":{"line":194,"column":null}}},"fnMap":{"0":{"name":"(anonymous_2)","decl":{"start":{"line":45,"column":31},"end":{"line":45,"column":null}},"loc":{"start":{"line":47,"column":19},"end":{"line":67,"column":1}}},"1":{"name":"(anonymous_3)","decl":{"start":{"line":55,"column":51},"end":{"line":55,"column":52}},"loc":{"start":{"line":55,"column":74},"end":{"line":55,"column":96}}},"2":{"name":"(anonymous_4)","decl":{"start":{"line":69,"column":36},"end":{"line":69,"column":37}},"loc":{"start":{"line":69,"column":58},"end":{"line":69,"column":82}}},"3":{"name":"(anonymous_5)","decl":{"start":{"line":69,"column":90},"end":{"line":69,"column":null}},"loc":{"start":{"line":71,"column":26},"end":{"line":96,"column":1}}},"4":{"name":"(anonymous_6)","decl":{"start":{"line":98,"column":21},"end":{"line":98,"column":47}},"loc":{"start":{"line":98,"column":21},"end":{"line":98,"column":48}}},"5":{"name":"(anonymous_7)","decl":{"start":{"line":107,"column":21},"end":{"line":107,"column":22}},"loc":{"start":{"line":113,"column":21},"end":{"line":127,"column":1}}},"6":{"name":"(anonymous_8)","decl":{"start":{"line":129,"column":18},"end":{"line":129,"column":19}},"loc":{"start":{"line":129,"column":48},"end":{"line":142,"column":1}}},"7":{"name":"(anonymous_9)","decl":{"start":{"line":145,"column":30},"end":{"line":145,"column":null}},"loc":{"start":{"line":147,"column":36},"end":{"line":157,"column":1}}},"8":{"name":"(anonymous_10)","decl":{"start":{"line":159,"column":27},"end":{"line":159,"column":null}},"loc":{"start":{"line":162,"column":21},"end":{"line":166,"column":1}}},"9":{"name":"(anonymous_11)","decl":{"start":{"line":168,"column":19},"end":{"line":168,"column":null}},"loc":{"start":{"line":170,"column":26},"end":{"line":189,"column":1}}},"10":{"name":"(anonymous_12)","decl":{"start":{"line":193,"column":19},"end":{"line":193,"column":20}},"loc":{"start":{"line":193,"column":69},"end":{"line":194,"column":5}}}},"branchMap":{"0":{"loc":{"start":{"line":46,"column":4},"end":{"line":46,"column":null}},"type":"if","locations":[{"start":{"line":46,"column":4},"end":{"line":46,"column":null}},{"start":{"line":46,"column":4},"end":{"line":46,"column":null}}]},"1":{"loc":{"start":{"line":51,"column":8},"end":{"line":59,"column":null}},"type":"switch","locations":[{"start":{"line":51,"column":8},"end":{"line":59,"column":null}},{"start":{"line":60,"column":8},"end":{"line":63,"column":null}},{"start":{"line":64,"column":8},"end":{"line":65,"column":29}}]},"2":{"loc":{"start":{"line":73,"column":4},"end":{"line":93,"column":null}},"type":"if","locations":[{"start":{"line":73,"column":4},"end":{"line":93,"column":null}},{"start":{"line":73,"column":4},"end":{"line":93,"column":null}}]},"3":{"loc":{"start":{"line":90,"column":8},"end":{"line":92,"column":null}},"type":"if","locations":[{"start":{"line":90,"column":8},"end":{"line":92,"column":null}},{"start":{"line":90,"column":8},"end":{"line":92,"column":null}}]},"4":{"loc":{"start":{"line":115,"column":4},"end":{"line":117,"column":null}},"type":"if","locations":[{"start":{"line":115,"column":4},"end":{"line":117,"column":null}},{"start":{"line":115,"column":4},"end":{"line":117,"column":null}}]},"5":{"loc":{"start":{"line":118,"column":4},"end":{"line":126,"column":null}},"type":"if","locations":[{"start":{"line":118,"column":4},"end":{"line":126,"column":null}},{"start":{"line":118,"column":4},"end":{"line":126,"column":null}}]},"6":{"loc":{"start":{"line":122,"column":11},"end":{"line":126,"column":null}},"type":"if","locations":[{"start":{"line":122,"column":11},"end":{"line":126,"column":null}},{"start":{"line":122,"column":11},"end":{"line":126,"column":null}}]},"7":{"loc":{"start":{"line":133,"column":4},"end":{"line":140,"column":null}},"type":"if","locations":[{"start":{"line":133,"column":4},"end":{"line":140,"column":null}},{"start":{"line":133,"column":4},"end":{"line":140,"column":null}}]},"8":{"loc":{"start":{"line":149,"column":4},"end":{"line":155,"column":null}},"type":"if","locations":[{"start":{"line":149,"column":4},"end":{"line":155,"column":null}},{"start":{"line":149,"column":4},"end":{"line":155,"column":null}}]},"9":{"loc":{"start":{"line":150,"column":8},"end":{"line":150,"column":22}},"type":"binary-expr","locations":[{"start":{"line":150,"column":8},"end":{"line":150,"column":22}},{"start":{"line":151,"column":8},"end":{"line":151,"column":20}},{"start":{"line":152,"column":8},"end":{"line":152,"column":21}}]},"10":{"loc":{"start":{"line":175,"column":4},"end":{"line":187,"column":null}},"type":"if","locations":[{"start":{"line":175,"column":4},"end":{"line":187,"column":null}},{"start":{"line":175,"column":4},"end":{"line":187,"column":null}}]},"11":{"loc":{"start":{"line":177,"column":8},"end":{"line":177,"column":43}},"type":"binary-expr","locations":[{"start":{"line":177,"column":8},"end":{"line":177,"column":43}},{"start":{"line":179,"column":8},"end":{"line":179,"column":46}}]},"12":{"loc":{"start":{"line":194,"column":5},"end":{"line":194,"column":20}},"type":"binary-expr","locations":[{"start":{"line":194,"column":5},"end":{"line":194,"column":20}},{"start":{"line":194,"column":24},"end":{"line":194,"column":54}}]}},"s":{"0":1,"1":1,"2":1,"3":1,"4":8,"5":8,"6":6,"7":6,"8":6,"9":6,"10":301,"11":6,"12":6,"13":6,"14":6,"15":1,"16":1,"17":1,"18":1,"19":1,"20":6,"21":306,"22":126,"23":180,"24":180,"25":66,"26":306,"27":1,"28":12,"29":1,"30":306,"31":306,"32":306,"33":306,"34":306,"35":306,"36":306,"37":30,"38":306,"39":96,"40":96,"41":210,"42":90,"43":1,"44":30,"45":30,"46":6,"47":6,"48":24,"49":30,"50":1,"51":12,"52":12,"53":12,"54":12,"55":12,"56":12,"57":1,"58":210,"59":210,"60":1,"61":6,"62":6,"63":6,"64":6,"65":5,"66":1,"67":6,"68":1,"69":6},"f":{"0":8,"1":301,"2":6,"3":306,"4":12,"5":306,"6":30,"7":12,"8":210,"9":6,"10":6},"b":{"0":[0,8],"1":[6,1,1],"2":[126,180],"3":[66,114],"4":[30,276],"5":[96,210],"6":[90,120],"7":[6,24],"8":[12,0],"9":[12,12,12],"10":[5,1],"11":[6,6],"12":[6,6]}}
,"/Users/jmealy/dev/dd/src/utils/index.ts": {"path":"/Users/jmealy/dev/dd/src/utils/index.ts","statementMap":{"0":{"start":{"line":1,"column":0},"end":{"line":1,"column":85}},"1":{"start":{"line":3,"column":13},"end":{"line":3,"column":null}},"2":{"start":{"line":3,"column":42},"end":{"line":3,"column":null}},"3":{"start":{"line":5,"column":13},"end":{"line":11,"column":null}},"4":{"start":{"line":6,"column":4},"end":{"line":10,"column":null}},"5":{"start":{"line":7,"column":8},"end":{"line":7,"column":null}},"6":{"start":{"line":9,"column":8},"end":{"line":9,"column":null}},"7":{"start":{"line":13,"column":13},"end":{"line":13,"column":null}},"8":{"start":{"line":13,"column":58},"end":{"line":13,"column":null}},"9":{"start":{"line":15,"column":13},"end":{"line":15,"column":null}},"10":{"start":{"line":15,"column":57},"end":{"line":15,"column":null}}},"fnMap":{"0":{"name":"(anonymous_0)","decl":{"start":{"line":3,"column":26},"end":{"line":3,"column":27}},"loc":{"start":{"line":3,"column":37},"end":{"line":3,"column":45}}},"1":{"name":"(anonymous_1)","decl":{"start":{"line":5,"column":24},"end":{"line":5,"column":25}},"loc":{"start":{"line":5,"column":37},"end":{"line":11,"column":1}}},"2":{"name":"(anonymous_2)","decl":{"start":{"line":13,"column":32},"end":{"line":13,"column":33}},"loc":{"start":{"line":13,"column":45},"end":{"line":13,"column":65}}},"3":{"name":"(anonymous_3)","decl":{"start":{"line":15,"column":32},"end":{"line":15,"column":33}},"loc":{"start":{"line":15,"column":44},"end":{"line":15,"column":61}}}},"branchMap":{"0":{"loc":{"start":{"line":6,"column":4},"end":{"line":10,"column":null}},"type":"if","locations":[{"start":{"line":6,"column":4},"end":{"line":10,"column":null}},{"start":{"line":6,"column":4},"end":{"line":10,"column":null}}]}},"s":{"0":1,"1":1,"2":0,"3":1,"4":0,"5":0,"6":0,"7":1,"8":0,"9":1,"10":1},"f":{"0":0,"1":0,"2":0,"3":1},"b":{"0":[0,0]}}
}
