TN:
SF:src/constants.ts
FNF:0
FNH:0
DA:2,2
DA:3,2
DA:4,2
DA:5,2
DA:6,2
DA:9,2
DA:10,2
DA:11,2
DA:14,2
DA:17,2
DA:18,2
DA:21,2
DA:25,2
DA:26,2
LF:14
LH:14
BRF:0
BRH:0
end_of_record
TN:
SF:src/state/actions.ts
FN:9,(anonymous_0)
FN:18,(anonymous_1)
FN:27,(anonymous_2)
FNF:3
FNH:0
FNDA:0,(anonymous_0)
FNDA:0,(anonymous_1)
FNDA:0,(anonymous_2)
DA:8,1
DA:9,1
DA:17,1
DA:18,1
DA:26,1
DA:27,1
LF:6
LH:6
BRF:0
BRH:0
end_of_record
TN:
SF:src/state/selectors.ts
FN:7,(anonymous_0)
FN:9,(anonymous_1)
FN:11,(anonymous_2)
FN:21,(anonymous_3)
FN:22,(anonymous_4)
FN:28,(anonymous_5)
FN:30,(anonymous_6)
FN:43,(anonymous_7)
FN:49,(anonymous_8)
FN:50,(anonymous_9)
FNF:10
FNH:10
FNDA:4,(anonymous_0)
FNDA:1,(anonymous_1)
FNDA:2,(anonymous_2)
FNDA:2,(anonymous_3)
FNDA:50,(anonymous_4)
FNDA:1,(anonymous_5)
FNDA:50,(anonymous_6)
FNDA:1,(anonymous_7)
FNDA:1,(anonymous_8)
FNDA:2,(anonymous_9)
DA:4,1
DA:5,1
DA:7,4
DA:9,1
DA:11,1
DA:12,2
DA:13,2
DA:14,2
DA:15,1
DA:17,1
DA:21,2
DA:22,50
DA:28,1
DA:29,1
DA:30,1
DA:31,50
DA:32,1
DA:33,49
DA:34,7
DA:36,50
DA:43,1
DA:49,1
DA:51,2
DA:52,1
DA:54,1
DA:56,2
LF:26
LH:26
BRDA:14,0,0,1
BRDA:14,0,1,1
BRDA:21,1,0,1
BRDA:21,1,1,1
BRDA:31,2,0,1
BRDA:31,2,1,49
BRDA:31,3,0,50
BRDA:31,3,1,49
BRDA:33,4,0,7
BRDA:33,4,1,42
BRDA:33,5,0,49
BRDA:33,5,1,48
BRDA:51,6,0,1
BRDA:51,6,1,1
BRF:14
BRH:14
end_of_record
TN:
SF:src/state/snapshots.ts
FN:45,(anonymous_2)
FN:55,(anonymous_3)
FN:69,(anonymous_4)
FN:69,(anonymous_5)
FN:98,(anonymous_6)
FN:107,(anonymous_7)
FN:129,(anonymous_8)
FN:145,(anonymous_9)
FN:159,(anonymous_10)
FN:168,(anonymous_11)
FN:193,(anonymous_12)
FNF:11
FNH:11
FNDA:8,(anonymous_2)
FNDA:301,(anonymous_3)
FNDA:6,(anonymous_4)
FNDA:306,(anonymous_5)
FNDA:12,(anonymous_6)
FNDA:306,(anonymous_7)
FNDA:30,(anonymous_8)
FNDA:12,(anonymous_9)
FNDA:210,(anonymous_10)
FNDA:6,(anonymous_11)
FNDA:6,(anonymous_12)
DA:2,1
DA:3,1
DA:36,1
DA:45,1
DA:46,8
DA:50,8
DA:52,6
DA:53,6
DA:54,6
DA:55,301
DA:56,6
DA:57,6
DA:58,6
DA:59,6
DA:61,1
DA:62,1
DA:63,1
DA:65,1
DA:69,6
DA:73,306
DA:74,126
DA:82,180
DA:90,180
DA:91,66
DA:95,306
DA:98,12
DA:107,1
DA:108,306
DA:109,306
DA:110,306
DA:111,306
DA:112,306
DA:114,306
DA:115,306
DA:116,30
DA:118,306
DA:120,96
DA:121,96
DA:122,210
DA:125,90
DA:129,1
DA:132,30
DA:133,30
DA:135,6
DA:136,6
DA:139,24
DA:141,30
DA:145,1
DA:147,12
DA:149,12
DA:154,12
DA:156,12
DA:159,1
DA:164,210
DA:165,210
DA:168,1
DA:172,6
DA:173,6
DA:175,6
DA:181,5
DA:186,1
DA:188,6
DA:193,1
DA:194,6
LF:64
LH:64
BRDA:46,0,0,0
BRDA:46,0,1,8
BRDA:51,1,0,6
BRDA:51,1,1,1
BRDA:51,1,2,1
BRDA:73,2,0,126
BRDA:73,2,1,180
BRDA:90,3,0,66
BRDA:90,3,1,114
BRDA:115,4,0,30
BRDA:115,4,1,276
BRDA:118,5,0,96
BRDA:118,5,1,210
BRDA:122,6,0,90
BRDA:122,6,1,120
BRDA:133,7,0,6
BRDA:133,7,1,24
BRDA:149,8,0,12
BRDA:149,8,1,0
BRDA:150,9,0,12
BRDA:150,9,1,12
BRDA:150,9,2,12
BRDA:175,10,0,5
BRDA:175,10,1,1
BRDA:177,11,0,6
BRDA:177,11,1,6
BRDA:194,12,0,6
BRDA:194,12,1,6
BRF:28
BRH:26
end_of_record
TN:
SF:src/utils/index.ts
FN:3,(anonymous_0)
FN:5,(anonymous_1)
FN:13,(anonymous_2)
FN:15,(anonymous_3)
FNF:4
FNH:1
FNDA:0,(anonymous_0)
FNDA:0,(anonymous_1)
FNDA:0,(anonymous_2)
FNDA:1,(anonymous_3)
DA:1,1
DA:3,1
DA:5,1
DA:6,0
DA:7,0
DA:9,0
DA:13,1
DA:15,1
LF:8
LH:5
BRDA:6,0,0,0
BRDA:6,0,1,0
BRF:2
BRH:0
end_of_record
