TN:
SF:src/constants.ts
FNF:0
FNH:0
DA:2,1
DA:3,1
DA:4,1
DA:5,1
DA:6,1
DA:15,1
DA:16,1
DA:17,1
DA:20,1
DA:23,1
DA:24,1
DA:27,1
DA:31,1
DA:32,1
LF:14
LH:14
BRF:0
BRH:0
end_of_record
TN:
SF:src/state/actions.ts
FN:9,(anonymous_0)
FN:18,(anonymous_1)
FN:30,(anonymous_2)
FNF:3
FNH:0
FNDA:0,(anonymous_0)
FNDA:0,(anonymous_1)
FNDA:0,(anonymous_2)
DA:8,1
DA:9,1
DA:17,1
DA:18,1
DA:29,1
DA:30,1
LF:6
LH:6
BRF:0
BRH:0
end_of_record
TN:
SF:src/state/snapshots.ts
FN:45,(anonymous_2)
FN:55,(anonymous_3)
FN:69,(anonymous_4)
FN:69,(anonymous_5)
FN:98,(anonymous_6)
FN:107,(anonymous_7)
FN:129,(anonymous_8)
FN:145,(anonymous_9)
FN:159,(anonymous_10)
FN:168,(anonymous_11)
FN:193,(anonymous_12)
FNF:11
FNH:11
FNDA:4,(anonymous_2)
FNDA:201,(anonymous_3)
FNDA:4,(anonymous_4)
FNDA:204,(anonymous_5)
FNDA:8,(anonymous_6)
FNDA:204,(anonymous_7)
FNDA:20,(anonymous_8)
FNDA:8,(anonymous_9)
FNDA:140,(anonymous_10)
FNDA:4,(anonymous_11)
FNDA:4,(anonymous_12)
DA:2,1
DA:3,1
DA:36,1
DA:45,1
DA:46,4
DA:50,4
DA:52,4
DA:53,4
DA:54,4
DA:55,201
DA:56,4
DA:57,4
DA:58,4
DA:59,4
DA:61,0
DA:62,0
DA:63,0
DA:65,0
DA:69,4
DA:73,204
DA:74,84
DA:82,120
DA:90,120
DA:91,44
DA:95,204
DA:98,8
DA:107,1
DA:108,204
DA:109,204
DA:110,204
DA:111,204
DA:112,204
DA:114,204
DA:115,204
DA:116,20
DA:118,204
DA:120,64
DA:121,64
DA:122,140
DA:125,60
DA:129,1
DA:132,20
DA:133,20
DA:135,4
DA:136,4
DA:139,16
DA:141,20
DA:145,1
DA:147,8
DA:149,8
DA:154,8
DA:156,8
DA:159,1
DA:162,140
DA:164,140
DA:165,140
DA:168,1
DA:172,4
DA:173,4
DA:175,4
DA:181,4
DA:186,0
DA:188,4
DA:193,1
DA:194,4
LF:65
LH:60
BRDA:46,0,0,0
BRDA:46,0,1,4
BRDA:51,1,0,4
BRDA:51,1,1,0
BRDA:51,1,2,0
BRDA:73,2,0,84
BRDA:73,2,1,120
BRDA:90,3,0,44
BRDA:90,3,1,76
BRDA:115,4,0,20
BRDA:115,4,1,184
BRDA:118,5,0,64
BRDA:118,5,1,140
BRDA:122,6,0,60
BRDA:122,6,1,80
BRDA:133,7,0,4
BRDA:133,7,1,16
BRDA:149,8,0,8
BRDA:149,8,1,0
BRDA:150,9,0,8
BRDA:150,9,1,8
BRDA:150,9,2,8
BRDA:162,10,0,0
BRDA:162,10,1,140
BRDA:175,11,0,4
BRDA:175,11,1,0
BRDA:177,12,0,4
BRDA:177,12,1,4
BRDA:194,13,0,4
BRDA:194,13,1,4
BRF:30
BRH:24
end_of_record
